2017:07:18 09:30:37.212 INFO  --- [main]
				c.m.u.ResourceCollectorApplicationTests : Starting ResourceCollectorApplicationTests on yjkim-MacBook-Pro.local with PID 2285 (started by yjkim in /Users/yjkim/dev/sts_workspace/ResourceCollector) 
2017:07:18 09:30:37.224 INFO  --- [main]
				c.m.u.ResourceCollectorApplicationTests : No active profile set, falling back to default profiles: default 
2017:07:18 09:30:37.243 INFO  --- [main]
				o.s.c.a.AnnotationConfigApplicationContext : Refreshing org.springframework.context.annotation.AnnotationConfigApplicationContext@27462a88: startup date [Tue Jul 18 09:30:37 KST 2017]; root of context hierarchy 
2017:07:18 09:30:37.502 WARN  --- [main]
				o.m.s.mapper.ClassPathMapperScanner : No MyBatis mapper was found in '[com.mobigen.util]' package. Please check your configuration. 
2017:07:18 09:30:38.209 INFO  --- [main]
				o.s.s.a.ScheduledAnnotationBeanPostProcessor : No TaskScheduler/ScheduledExecutorService bean found for scheduled processing 
2017:07:18 09:30:38.223 INFO  --- [main]
				c.m.u.ResourceCollectorApplicationTests : Started ResourceCollectorApplicationTests in 1.441 seconds (JVM running for 2.323) 
2017:07:18 09:30:38.338 INFO  --- [Thread-3]
				o.s.c.a.AnnotationConfigApplicationContext : Closing org.springframework.context.annotation.AnnotationConfigApplicationContext@27462a88: startup date [Tue Jul 18 09:30:37 KST 2017]; root of context hierarchy 
2017:07:18 14:30:43.962 INFO  --- [restartedMain]
				c.m.u.ResourceCollectorApplication : Starting ResourceCollectorApplication on yjkim-MacBook-Pro.local with PID 1865 (/Users/yjkim/dev/sts_workspace/ResourceCollector/target/classes started by yjkim in /Users/yjkim/dev/sts_workspace/ResourceCollector) 
2017:07:18 14:30:43.968 INFO  --- [restartedMain]
				c.m.u.ResourceCollectorApplication : No active profile set, falling back to default profiles: default 
2017:07:18 14:30:44.003 INFO  --- [restartedMain]
				o.s.c.a.AnnotationConfigApplicationContext : Refreshing org.springframework.context.annotation.AnnotationConfigApplicationContext@478f43be: startup date [Tue Jul 18 14:30:44 KST 2017]; root of context hierarchy 
2017:07:18 14:30:44.281 WARN  --- [restartedMain]
				o.m.s.mapper.ClassPathMapperScanner : No MyBatis mapper was found in '[com.mobigen.util]' package. Please check your configuration. 
2017:07:18 14:30:44.936 INFO  --- [restartedMain]
				o.s.b.d.a.OptionalLiveReloadServer : LiveReload server is running on port 35729 
2017:07:18 14:30:44.958 INFO  --- [restartedMain]
				o.s.j.e.a.AnnotationMBeanExporter : Registering beans for JMX exposure on startup 
2017:07:18 14:30:44.967 INFO  --- [restartedMain]
				o.s.s.a.ScheduledAnnotationBeanPostProcessor : No TaskScheduler/ScheduledExecutorService bean found for scheduled processing 
2017:07:18 14:30:44.978 INFO  --- [restartedMain]
				c.m.u.ResourceCollectorApplication : Started ResourceCollectorApplication in 1.257 seconds (JVM running for 1.961) 
2017:07:18 14:30:45.059 INFO  --- [pool-1-thread-1]
				c.m.u.s.ResourceCollectService : {hostname=yjkim-MacBook-Pro, macAddress=78:4f:43:5a:6b:a3, disk=464.7 GiB, memory=16 GiB, os=Apple macOS 10.12.5 (Sierra) build 16F73, cpu=Intel(R) Core(TM) i5-6287U CPU @ 3.10GHz 2core} 
2017:07:18 14:31:02.927 INFO  --- [RMI TCP Connection(2)-127.0.0.1]
				o.s.b.a.SpringApplicationAdminMXBeanRegistrar$SpringApplicationAdmin : Application shutdown requested. 
2017:07:18 14:31:02.927 INFO  --- [RMI TCP Connection(2)-127.0.0.1]
				o.s.c.a.AnnotationConfigApplicationContext : Closing org.springframework.context.annotation.AnnotationConfigApplicationContext@478f43be: startup date [Tue Jul 18 14:30:44 KST 2017]; root of context hierarchy 
2017:07:18 14:31:02.930 INFO  --- [RMI TCP Connection(2)-127.0.0.1]
				o.s.j.e.a.AnnotationMBeanExporter : Unregistering JMX-exposed beans on shutdown 
